<?xml version="1.0" encoding="UTF-8"?>
<!-- Generated by org.testng.reporters.JUnitReportReporter -->
<testsuite skipped="0" hostname="DESKTOP-8ETPM1B" name="ExtentReportClass" tests="1" failures="0" timestamp="2020-05-25T15:47:18 IST" time="14.908" errors="0">
  <testcase name="test" time="14.908" classname="ExtentReportClass"/>
  <system-out/>
</testsuite> <!-- ExtentReportClass -->
